<?xml version="1.0" encoding="UTF-8"?>
<!-- Generated by org.testng.reporters.JUnitXMLReporter -->
<testsuite ignored="0" hostname="akshay-Latitude-7490" failures="0" tests="5" name="Default test" time="49.914" errors="0" timestamp="2023-07-05T16:57:29 IST">
  <testcase classname="testing.coms.practice_project_2_15" name="conn" time="2.649"/>
  <testcase classname="testing.coms.practice_project_2_15" name="signin" time="14.353"/>
  <testcase classname="testing.coms.practice_project_2_15" name="SearchWatch" time="15.517"/>
  <testcase classname="testing.coms.practice_project_2_15" name="Uart" time="17.21"/>
  <testcase classname="testing.coms.practice_project_2_15" name="end" time="0.13"/>
</testsuite> <!-- Default test -->
