<?xml version="1.0" encoding="UTF-8"?>
<!-- Generated by org.testng.reporters.JUnitXMLReporter -->
<testsuite ignored="0" hostname="akshay-Latitude-7490" failures="0" tests="3" name="Test 1" time="24.924" errors="0" timestamp="2023-06-23T11:34:14 IST">
  <testcase classname="testng.parallel.MethodTesting" name="executeSessionTwo" time="24.526"/>
  <testcase classname="testng.parallel.MethodTesting" name="executSessionThree" time="24.75"/>
  <testcase classname="testng.parallel.MethodTesting" name="executSessionOne" time="24.87"/>
</testsuite> <!-- Test 1 -->
