<?xml version="1.0" encoding="UTF-8"?>
<testng-results ignored="0" total="5" passed="5" failed="0" skipped="0">
  <reporter-output>
  </reporter-output>
  <suite started-at="2023-07-05T16:56:39 IST" name="Default suite" finished-at="2023-07-05T16:57:29 IST" duration-ms="49914">
    <groups>
    </groups>
    <test started-at="2023-07-05T16:56:39 IST" name="Default test" finished-at="2023-07-05T16:57:29 IST" duration-ms="49914">
      <class name="testing.coms.practice_project_2_15">
        <test-method signature="conn()[pri:1, instance:testing.coms.practice_project_2_15@3cebbb30]" started-at="2023-07-05T16:56:39 IST" name="conn" finished-at="2023-07-05T16:56:41 IST" duration-ms="2649" status="PASS">
          <reporter-output>
          </reporter-output>
        </test-method> <!-- conn -->
        <test-method signature="signin()[pri:2, instance:testing.coms.practice_project_2_15@3cebbb30]" started-at="2023-07-05T16:56:41 IST" name="signin" finished-at="2023-07-05T16:56:56 IST" duration-ms="14353" status="PASS">
          <reporter-output>
          </reporter-output>
        </test-method> <!-- signin -->
        <test-method signature="SearchWatch()[pri:3, instance:testing.coms.practice_project_2_15@3cebbb30]" started-at="2023-07-05T16:56:56 IST" name="SearchWatch" finished-at="2023-07-05T16:57:11 IST" duration-ms="15517" status="PASS">
          <reporter-output>
          </reporter-output>
        </test-method> <!-- SearchWatch -->
        <test-method signature="Uart()[pri:4, instance:testing.coms.practice_project_2_15@3cebbb30]" started-at="2023-07-05T16:57:11 IST" name="Uart" finished-at="2023-07-05T16:57:29 IST" duration-ms="17210" status="PASS">
          <reporter-output>
          </reporter-output>
        </test-method> <!-- Uart -->
        <test-method signature="end()[pri:5, instance:testing.coms.practice_project_2_15@3cebbb30]" started-at="2023-07-05T16:57:29 IST" name="end" finished-at="2023-07-05T16:57:29 IST" duration-ms="130" status="PASS">
          <reporter-output>
          </reporter-output>
        </test-method> <!-- end -->
      </class> <!-- testing.coms.practice_project_2_15 -->
    </test> <!-- Default test -->
  </suite> <!-- Default suite -->
</testng-results>
